mode: set
github.com/tyler-technologies/go-terraform-state-copy/internal/api/terraform.go:20.104,22.16 2 0
github.com/tyler-technologies/go-terraform-state-copy/internal/api/terraform.go:26.2,29.37 3 0
github.com/tyler-technologies/go-terraform-state-copy/internal/api/terraform.go:33.2,40.16 6 0
github.com/tyler-technologies/go-terraform-state-copy/internal/api/terraform.go:44.2,44.12 1 0
github.com/tyler-technologies/go-terraform-state-copy/internal/api/terraform.go:22.16,24.3 1 0
github.com/tyler-technologies/go-terraform-state-copy/internal/api/terraform.go:29.37,31.3 1 0
github.com/tyler-technologies/go-terraform-state-copy/internal/api/terraform.go:40.16,42.3 1 0
github.com/tyler-technologies/go-terraform-state-copy/internal/api/terraform.go:48.77,50.16 2 0
github.com/tyler-technologies/go-terraform-state-copy/internal/api/terraform.go:54.2,58.16 4 0
github.com/tyler-technologies/go-terraform-state-copy/internal/api/terraform.go:61.2,61.12 1 0
github.com/tyler-technologies/go-terraform-state-copy/internal/api/terraform.go:50.16,52.3 1 0
github.com/tyler-technologies/go-terraform-state-copy/internal/api/terraform.go:58.16,60.3 1 0
github.com/tyler-technologies/go-terraform-state-copy/internal/api/terraform.go:65.68,74.16 4 0
github.com/tyler-technologies/go-terraform-state-copy/internal/api/terraform.go:78.2,79.16 2 0
github.com/tyler-technologies/go-terraform-state-copy/internal/api/terraform.go:83.2,86.16 3 0
github.com/tyler-technologies/go-terraform-state-copy/internal/api/terraform.go:90.2,102.16 6 0
github.com/tyler-technologies/go-terraform-state-copy/internal/api/terraform.go:105.2,106.12 2 0
github.com/tyler-technologies/go-terraform-state-copy/internal/api/terraform.go:74.16,76.3 1 0
github.com/tyler-technologies/go-terraform-state-copy/internal/api/terraform.go:79.16,81.3 1 0
github.com/tyler-technologies/go-terraform-state-copy/internal/api/terraform.go:86.16,88.3 1 0
github.com/tyler-technologies/go-terraform-state-copy/internal/api/terraform.go:102.16,104.3 1 0
github.com/tyler-technologies/go-terraform-state-copy/internal/api/terraform.go:109.62,118.16 4 1
github.com/tyler-technologies/go-terraform-state-copy/internal/api/terraform.go:122.2,123.16 2 1
github.com/tyler-technologies/go-terraform-state-copy/internal/api/terraform.go:127.2,128.16 2 1
github.com/tyler-technologies/go-terraform-state-copy/internal/api/terraform.go:135.2,136.16 2 1
github.com/tyler-technologies/go-terraform-state-copy/internal/api/terraform.go:140.2,143.16 3 1
github.com/tyler-technologies/go-terraform-state-copy/internal/api/terraform.go:147.2,147.19 1 1
github.com/tyler-technologies/go-terraform-state-copy/internal/api/terraform.go:118.16,120.3 1 0
github.com/tyler-technologies/go-terraform-state-copy/internal/api/terraform.go:123.16,125.3 1 0
github.com/tyler-technologies/go-terraform-state-copy/internal/api/terraform.go:128.16,129.42 1 0
github.com/tyler-technologies/go-terraform-state-copy/internal/api/terraform.go:132.3,132.78 1 0
github.com/tyler-technologies/go-terraform-state-copy/internal/api/terraform.go:129.42,131.4 1 0
github.com/tyler-technologies/go-terraform-state-copy/internal/api/terraform.go:136.16,138.3 1 0
github.com/tyler-technologies/go-terraform-state-copy/internal/api/terraform.go:143.16,145.3 1 0
